<?xml version="1.0" encoding="UTF-8"?>
<!-- Generated by org.testng.reporters.JUnitReportReporter -->
<testsuite hostname="DESKTOP-QUC37FL" failures="0" tests="8" name="testRuns.TestRuns_Parallel" time="0.468" errors="0" timestamp="2022-08-20T10:18:04 IST" skipped="0">
  <testcase classname="testRuns.TestRuns_Parallel" name="runScenario" time="0.019"/>
  <system-out/>
  <testcase classname="testRuns.TestRuns_Parallel" name="runScenario" time="0.388"/>
  <system-out/>
  <testcase classname="testRuns.TestRuns_Parallel" name="runScenario" time="0.013"/>
  <system-out/>
  <testcase classname="testRuns.TestRuns_Parallel" name="runScenario" time="0.007"/>
  <system-out/>
  <testcase classname="testRuns.TestRuns_Parallel" name="runScenario" time="0.015"/>
  <system-out/>
  <testcase classname="testRuns.TestRuns_Parallel" name="runScenario" time="0.014"/>
  <system-out/>
  <testcase classname="testRuns.TestRuns_Parallel" name="runScenario" time="0.006"/>
  <system-out/>
  <testcase classname="testRuns.TestRuns_Parallel" name="runScenario" time="0.006"/>
  <system-out/>
</testsuite> <!-- testRuns.TestRuns_Parallel -->
