<?xml version="1.0" encoding="UTF-8"?>
<!-- Generated by org.testng.reporters.JUnitReportReporter -->
<testsuite hostname="DESKTOP-QUC37FL" failures="0" tests="8" name="testRuns.TestRuns_firefox" time="0.497" errors="0" timestamp="2022-08-20T10:18:04 IST" skipped="0">
  <testcase classname="testRuns.TestRuns_firefox" name="runScenario" time="0.007"/>
  <system-out/>
  <testcase classname="testRuns.TestRuns_firefox" name="runScenario" time="0.015"/>
  <system-out/>
  <testcase classname="testRuns.TestRuns_firefox" name="runScenario" time="0.011"/>
  <system-out/>
  <testcase classname="testRuns.TestRuns_firefox" name="runScenario" time="0.388"/>
  <system-out/>
  <testcase classname="testRuns.TestRuns_firefox" name="runScenario" time="0.058"/>
  <system-out/>
  <testcase classname="testRuns.TestRuns_firefox" name="runScenario" time="0.004"/>
  <system-out/>
  <testcase classname="testRuns.TestRuns_firefox" name="runScenario" time="0.008"/>
  <system-out/>
  <testcase classname="testRuns.TestRuns_firefox" name="runScenario" time="0.006"/>
  <system-out/>
</testsuite> <!-- testRuns.TestRuns_firefox -->
